<?xml version="1.0" encoding="UTF-8"?>
<!-- Generated by org.testng.reporters.JUnitReportReporter -->
<testsuite hostname="Dhiraj" failures="0" tests="1" name="com.qc.tests.LoginTest" time="1.983" errors="0" timestamp="2024-10-06T13:02:33 IST" skipped="0">
  <testcase classname="com.qc.tests.LoginTest" name="doLogin" time="1.983"/>
</testsuite> <!-- com.qc.tests.LoginTest -->
